<?xml version="1.0" encoding="UTF-8"?>
<!-- Generated by org.testng.reporters.JUnitReportReporter -->
<testsuite hostname="DESKTOP-1FL19G8" failures="0" tests="1" name="Vodafon.Vodafon.TestBase" time="7.066" errors="0" timestamp="02 Dec 2021 16:03:10 GMT" skipped="0">
  <testcase classname="Vodafon.Vodafon.TestBase" name="name" time="7.066"/>
</testsuite> <!-- Vodafon.Vodafon.TestBase -->
