<?xml version="1.0" encoding="UTF-8"?>
<!-- Generated by org.testng.reporters.JUnitReportReporter -->
<testsuite hostname="DESKTOP-1FL19G8" failures="0" tests="2" name="Vodafon.Vodafon.BuyFromCatogry" time="26.318" errors="0" timestamp="03 Dec 2021 09:56:28 GMT" skipped="0">
  <testcase classname="Vodafon.Vodafon.BuyFromCatogry" name="userLogin" time="13.570"/>
  <testcase classname="Vodafon.Vodafon.BuyFromCatogry" name="addItemToCard" time="12.748"/>
</testsuite> <!-- Vodafon.Vodafon.BuyFromCatogry -->
