<?xml version="1.0" encoding="UTF-8"?>
<!-- Generated by org.testng.reporters.JUnitReportReporter -->
<testsuite hostname="DESKTOP-1FL19G8" failures="0" tests="1" name="Vodafon.Vodafon.Login" time="11.696" errors="0" timestamp="02 Dec 2021 19:47:00 GMT" skipped="0">
  <testcase classname="Vodafon.Vodafon.Login" name="userLogin" time="11.696"/>
</testsuite> <!-- Vodafon.Vodafon.Login -->
