<?xml version="1.0" encoding="UTF-8"?>
<!-- Generated by org.testng.reporters.JUnitReportReporter -->
<testsuite hostname="DESKTOP-1FL19G8" failures="0" tests="1" name="Vodafon.Vodafon.SignUp" time="2.966" errors="0" timestamp="02 Dec 2021 16:28:55 GMT" skipped="0">
  <testcase classname="Vodafon.Vodafon.SignUp" name="UserCreateAccount" time="2.966"/>
</testsuite> <!-- Vodafon.Vodafon.SignUp -->
